[ 2015-07-19T08:53:44+08:00 ] ::1 /
INFO: [ app_init ] --START--
INFO: Run Behavior\BuildLiteBehavior [ RunTime:0.000078s ]
INFO: [ app_init ] --END-- [ RunTime:0.001052s ]
INFO: [ app_begin ] --START--
INFO: Run Behavior\ReadHtmlCacheBehavior [ RunTime:0.000659s ]
INFO: [ app_begin ] --END-- [ RunTime:0.000729s ]
SQL: SHOW COLUMNS FROM `zx_menu` [ RunTime:0.1126s ]
SQL: SELECT * FROM `zx_menu`  [ RunTime:0.0005s ]
SQL: SHOW COLUMNS FROM `zx_news` [ RunTime:0.0514s ]
SQL: SELECT * FROM `zx_news` WHERE ( menu_id = 2 ) ORDER BY created desc LIMIT 2   [ RunTime:0.0006s ]
SQL: SELECT * FROM `zx_news` WHERE ( menu_id = 3 ) ORDER BY created desc LIMIT 1   [ RunTime:0.0004s ]
INFO: [ view_parse ] --START--
INFO: [ template_filter ] --START--
INFO: Run Behavior\ContentReplaceBehavior [ RunTime:0.000102s ]
INFO: [ template_filter ] --END-- [ RunTime:0.000166s ]
INFO: Run Behavior\ParseTemplateBehavior [ RunTime:0.024205s ]
INFO: [ view_parse ] --END-- [ RunTime:0.024311s ]
INFO: [ view_filter ] --START--
INFO: Run Behavior\WriteHtmlCacheBehavior [ RunTime:0.000427s ]
INFO: [ view_filter ] --END-- [ RunTime:0.000478s ]
INFO: [ app_end ] --START--
INFO: Run Behavior\ShowPageTraceBehavior [ RunTime:0.001078s ]
INFO: [ app_end ] --END-- [ RunTime:0.001158s ]

[ 2015-07-19T09:12:43+08:00 ] 31.192.108.62 /index.php
INFO: [ app_init ] --START--
INFO: Run Behavior\BuildLiteBehavior [ RunTime:0.000012s ]
INFO: [ app_init ] --END-- [ RunTime:0.000307s ]
INFO: [ app_begin ] --START--
INFO: Run Behavior\ReadHtmlCacheBehavior [ RunTime:0.000562s ]
INFO: [ app_begin ] --END-- [ RunTime:0.000687s ]
SQL: SHOW COLUMNS FROM `zx_menu` [ RunTime:0.0311s ]
SQL: SELECT * FROM `zx_menu`  [ RunTime:0.0003s ]
SQL: SHOW COLUMNS FROM `zx_news` [ RunTime:0.0149s ]
SQL: SELECT * FROM `zx_news` WHERE ( menu_id = 2 ) ORDER BY created desc LIMIT 2   [ RunTime:0.0005s ]
SQL: SELECT * FROM `zx_news` WHERE ( menu_id = 3 ) ORDER BY created desc LIMIT 1   [ RunTime:0.0004s ]
INFO: [ view_parse ] --START--
INFO: [ template_filter ] --START--
INFO: Run Behavior\ContentReplaceBehavior [ RunTime:0.000090s ]
INFO: [ template_filter ] --END-- [ RunTime:0.000147s ]
INFO: Run Behavior\ParseTemplateBehavior [ RunTime:0.022566s ]
INFO: [ view_parse ] --END-- [ RunTime:0.022669s ]
INFO: [ view_filter ] --START--
INFO: Run Behavior\WriteHtmlCacheBehavior [ RunTime:0.000228s ]
INFO: [ view_filter ] --END-- [ RunTime:0.000270s ]
INFO: [ app_end ] --START--
INFO: Run Behavior\ShowPageTraceBehavior [ RunTime:0.000660s ]
INFO: [ app_end ] --END-- [ RunTime:0.000756s ]

[ 2015-07-19T09:14:34+08:00 ] ::1 /
INFO: [ app_init ] --START--
INFO: Run Behavior\BuildLiteBehavior [ RunTime:0.000019s ]
INFO: [ app_init ] --END-- [ RunTime:0.000498s ]
INFO: [ app_begin ] --START--
INFO: Run Behavior\ReadHtmlCacheBehavior [ RunTime:0.000552s ]
INFO: [ app_begin ] --END-- [ RunTime:0.000615s ]
SQL: SHOW COLUMNS FROM `zx_menu` [ RunTime:0.0724s ]
SQL: SELECT * FROM `zx_menu`  [ RunTime:0.0006s ]
SQL: SHOW COLUMNS FROM `zx_news` [ RunTime:0.0146s ]
SQL: SELECT * FROM `zx_news` WHERE ( menu_id = 2 ) ORDER BY created desc LIMIT 2   [ RunTime:0.0004s ]
SQL: SELECT * FROM `zx_news` WHERE ( menu_id = 3 ) ORDER BY created desc LIMIT 1   [ RunTime:0.0003s ]
INFO: [ view_parse ] --START--
INFO: [ template_filter ] --START--
INFO: Run Behavior\ContentReplaceBehavior [ RunTime:0.000090s ]
INFO: [ template_filter ] --END-- [ RunTime:0.000146s ]
INFO: Run Behavior\ParseTemplateBehavior [ RunTime:0.010922s ]
INFO: [ view_parse ] --END-- [ RunTime:0.011007s ]
INFO: [ view_filter ] --START--
INFO: Run Behavior\WriteHtmlCacheBehavior [ RunTime:0.000424s ]
INFO: [ view_filter ] --END-- [ RunTime:0.000484s ]
INFO: [ app_end ] --START--
INFO: Run Behavior\ShowPageTraceBehavior [ RunTime:0.000908s ]
INFO: [ app_end ] --END-- [ RunTime:0.000996s ]

[ 2015-07-19T09:29:55+08:00 ] ::1 /
INFO: [ app_init ] --START--
INFO: Run Behavior\BuildLiteBehavior [ RunTime:0.000021s ]
INFO: [ app_init ] --END-- [ RunTime:0.000453s ]
INFO: [ app_begin ] --START--
INFO: Run Behavior\ReadHtmlCacheBehavior [ RunTime:0.000584s ]
INFO: [ app_begin ] --END-- [ RunTime:0.000654s ]
SQL: SHOW COLUMNS FROM `zx_menu` [ RunTime:0.0191s ]
SQL: SELECT * FROM `zx_menu`  [ RunTime:0.0005s ]
SQL: SHOW COLUMNS FROM `zx_news` [ RunTime:0.0648s ]
SQL: SELECT * FROM `zx_news` WHERE ( menu_id = 2 ) ORDER BY created desc LIMIT 2   [ RunTime:0.0009s ]
SQL: SELECT * FROM `zx_news` WHERE ( menu_id = 3 ) ORDER BY created desc LIMIT 1   [ RunTime:0.0005s ]
INFO: [ view_parse ] --START--
INFO: [ template_filter ] --START--
INFO: Run Behavior\ContentReplaceBehavior [ RunTime:0.000158s ]
INFO: [ template_filter ] --END-- [ RunTime:0.000253s ]
INFO: Run Behavior\ParseTemplateBehavior [ RunTime:0.019245s ]
INFO: [ view_parse ] --END-- [ RunTime:0.019339s ]
INFO: [ view_filter ] --START--
INFO: Run Behavior\WriteHtmlCacheBehavior [ RunTime:0.000337s ]
INFO: [ view_filter ] --END-- [ RunTime:0.000379s ]
INFO: [ app_end ] --START--
INFO: Run Behavior\ShowPageTraceBehavior [ RunTime:0.000645s ]
INFO: [ app_end ] --END-- [ RunTime:0.000717s ]

[ 2015-07-19T09:32:26+08:00 ] ::1 /
INFO: [ app_init ] --START--
INFO: Run Behavior\BuildLiteBehavior [ RunTime:0.000018s ]
INFO: [ app_init ] --END-- [ RunTime:0.000509s ]
INFO: [ app_begin ] --START--
INFO: Run Behavior\ReadHtmlCacheBehavior [ RunTime:0.000711s ]
INFO: [ app_begin ] --END-- [ RunTime:0.000798s ]
SQL: SHOW COLUMNS FROM `zx_menu` [ RunTime:0.0334s ]
SQL: SELECT * FROM `zx_menu`  [ RunTime:0.0006s ]
SQL: SHOW COLUMNS FROM `zx_news` [ RunTime:0.0431s ]
SQL: SELECT * FROM `zx_news` WHERE ( menu_id = 2 ) ORDER BY created desc LIMIT 2   [ RunTime:0.0007s ]
SQL: SELECT * FROM `zx_news` WHERE ( menu_id = 3 ) ORDER BY created desc LIMIT 1   [ RunTime:0.0006s ]
INFO: [ view_parse ] --START--
INFO: [ template_filter ] --START--
INFO: Run Behavior\ContentReplaceBehavior [ RunTime:0.000156s ]
INFO: [ template_filter ] --END-- [ RunTime:0.000249s ]
INFO: Run Behavior\ParseTemplateBehavior [ RunTime:0.037314s ]
INFO: [ view_parse ] --END-- [ RunTime:0.037404s ]
INFO: [ view_filter ] --START--
INFO: Run Behavior\WriteHtmlCacheBehavior [ RunTime:0.000367s ]
INFO: [ view_filter ] --END-- [ RunTime:0.000411s ]
INFO: [ app_end ] --START--
INFO: Run Behavior\ShowPageTraceBehavior [ RunTime:0.000827s ]
INFO: [ app_end ] --END-- [ RunTime:0.000905s ]

[ 2015-07-19T09:32:38+08:00 ] ::1 /
INFO: [ app_init ] --START--
INFO: Run Behavior\BuildLiteBehavior [ RunTime:0.000016s ]
INFO: [ app_init ] --END-- [ RunTime:0.000475s ]
INFO: [ app_begin ] --START--
INFO: Run Behavior\ReadHtmlCacheBehavior [ RunTime:0.000554s ]
INFO: [ app_begin ] --END-- [ RunTime:0.000633s ]
SQL: SHOW COLUMNS FROM `zx_menu` [ RunTime:0.1005s ]
SQL: SELECT * FROM `zx_menu`  [ RunTime:0.0005s ]
SQL: SHOW COLUMNS FROM `zx_news` [ RunTime:0.0249s ]
SQL: SELECT * FROM `zx_news` WHERE ( menu_id = 2 ) ORDER BY created desc LIMIT 2   [ RunTime:0.0006s ]
SQL: SELECT * FROM `zx_news` WHERE ( menu_id = 3 ) ORDER BY created desc LIMIT 1   [ RunTime:0.0005s ]
INFO: [ view_parse ] --START--
INFO: [ template_filter ] --START--
INFO: Run Behavior\ContentReplaceBehavior [ RunTime:0.000195s ]
INFO: [ template_filter ] --END-- [ RunTime:0.000402s ]
INFO: Run Behavior\ParseTemplateBehavior [ RunTime:0.042446s ]
INFO: [ view_parse ] --END-- [ RunTime:0.042567s ]
INFO: [ view_filter ] --START--
INFO: Run Behavior\WriteHtmlCacheBehavior [ RunTime:0.000263s ]
INFO: [ view_filter ] --END-- [ RunTime:0.000311s ]
INFO: [ app_end ] --START--
INFO: Run Behavior\ShowPageTraceBehavior [ RunTime:0.000681s ]
INFO: [ app_end ] --END-- [ RunTime:0.000757s ]

[ 2015-07-19T09:42:10+08:00 ] ::1 /
INFO: [ app_init ] --START--
INFO: Run Behavior\BuildLiteBehavior [ RunTime:0.000019s ]
INFO: [ app_init ] --END-- [ RunTime:0.000611s ]
INFO: [ app_begin ] --START--
INFO: Run Behavior\ReadHtmlCacheBehavior [ RunTime:0.000522s ]
INFO: [ app_begin ] --END-- [ RunTime:0.000601s ]
SQL: SHOW COLUMNS FROM `zx_menu` [ RunTime:0.0128s ]
SQL: SELECT * FROM `zx_menu`  [ RunTime:0.0004s ]
SQL: SHOW COLUMNS FROM `zx_news` [ RunTime:0.0091s ]
SQL: SELECT * FROM `zx_news` WHERE ( menu_id = 2 ) ORDER BY created desc LIMIT 2   [ RunTime:0.0003s ]
SQL: SELECT * FROM `zx_news` WHERE ( menu_id = 3 ) ORDER BY created desc LIMIT 1   [ RunTime:0.0002s ]
INFO: [ view_parse ] --START--
INFO: [ template_filter ] --START--
INFO: Run Behavior\ContentReplaceBehavior [ RunTime:0.000066s ]
INFO: [ template_filter ] --END-- [ RunTime:0.000111s ]
INFO: Run Behavior\ParseTemplateBehavior [ RunTime:0.015337s ]
INFO: [ view_parse ] --END-- [ RunTime:0.015403s ]
INFO: [ view_filter ] --START--
INFO: Run Behavior\WriteHtmlCacheBehavior [ RunTime:0.000260s ]
INFO: [ view_filter ] --END-- [ RunTime:0.000290s ]
INFO: [ app_end ] --START--
INFO: Run Behavior\ShowPageTraceBehavior [ RunTime:0.002391s ]
INFO: [ app_end ] --END-- [ RunTime:0.002475s ]

[ 2015-07-19T10:30:56+08:00 ] ::1 /
INFO: [ app_init ] --START--
INFO: Run Behavior\BuildLiteBehavior [ RunTime:0.000012s ]
INFO: [ app_init ] --END-- [ RunTime:0.000338s ]
INFO: [ app_begin ] --START--
INFO: Run Behavior\ReadHtmlCacheBehavior [ RunTime:0.000444s ]
INFO: [ app_begin ] --END-- [ RunTime:0.000499s ]
SQL: SHOW COLUMNS FROM `zx_menu` [ RunTime:0.0398s ]
SQL: SELECT * FROM `zx_menu`  [ RunTime:0.0005s ]
SQL: SHOW COLUMNS FROM `zx_news` [ RunTime:0.0208s ]
SQL: SELECT * FROM `zx_news` WHERE ( menu_id = 2 ) ORDER BY created desc LIMIT 2   [ RunTime:0.0006s ]
SQL: SELECT * FROM `zx_news` WHERE ( menu_id = 3 ) ORDER BY created desc LIMIT 1   [ RunTime:0.0005s ]
INFO: [ view_parse ] --START--
INFO: [ template_filter ] --START--
INFO: Run Behavior\ContentReplaceBehavior [ RunTime:0.000063s ]
INFO: [ template_filter ] --END-- [ RunTime:0.000105s ]
INFO: Run Behavior\ParseTemplateBehavior [ RunTime:0.020932s ]
INFO: [ view_parse ] --END-- [ RunTime:0.021016s ]
INFO: [ view_filter ] --START--
INFO: Run Behavior\WriteHtmlCacheBehavior [ RunTime:0.000288s ]
INFO: [ view_filter ] --END-- [ RunTime:0.000317s ]
INFO: [ app_end ] --START--
INFO: Run Behavior\ShowPageTraceBehavior [ RunTime:0.001373s ]
INFO: [ app_end ] --END-- [ RunTime:0.001441s ]

[ 2015-07-19T10:43:40+08:00 ] ::1 /
INFO: [ app_init ] --START--
INFO: Run Behavior\BuildLiteBehavior [ RunTime:0.000018s ]
INFO: [ app_init ] --END-- [ RunTime:0.000658s ]
INFO: [ app_begin ] --START--
INFO: Run Behavior\ReadHtmlCacheBehavior [ RunTime:0.000473s ]
INFO: [ app_begin ] --END-- [ RunTime:0.000519s ]
SQL: SHOW COLUMNS FROM `zx_menu` [ RunTime:0.0227s ]
SQL: SELECT * FROM `zx_menu`  [ RunTime:0.0003s ]
SQL: SHOW COLUMNS FROM `zx_news` [ RunTime:0.0469s ]
SQL: SELECT * FROM `zx_news` WHERE ( menu_id = 2 ) ORDER BY created desc LIMIT 2   [ RunTime:0.0003s ]
SQL: SELECT * FROM `zx_news` WHERE ( menu_id = 3 ) ORDER BY created desc LIMIT 1   [ RunTime:0.0002s ]
INFO: [ view_parse ] --START--
INFO: [ template_filter ] --START--
INFO: Run Behavior\ContentReplaceBehavior [ RunTime:0.000066s ]
INFO: [ template_filter ] --END-- [ RunTime:0.000109s ]
INFO: Run Behavior\ParseTemplateBehavior [ RunTime:0.026341s ]
INFO: [ view_parse ] --END-- [ RunTime:0.026396s ]
INFO: [ view_filter ] --START--
INFO: Run Behavior\WriteHtmlCacheBehavior [ RunTime:0.000273s ]
INFO: [ view_filter ] --END-- [ RunTime:0.000305s ]
INFO: [ app_end ] --START--
INFO: Run Behavior\ShowPageTraceBehavior [ RunTime:0.000565s ]
INFO: [ app_end ] --END-- [ RunTime:0.000626s ]

[ 2015-07-19T10:45:35+08:00 ] ::1 /
INFO: [ app_init ] --START--
INFO: Run Behavior\BuildLiteBehavior [ RunTime:0.000018s ]
INFO: [ app_init ] --END-- [ RunTime:0.000496s ]
INFO: [ app_begin ] --START--
INFO: Run Behavior\ReadHtmlCacheBehavior [ RunTime:0.000503s ]
INFO: [ app_begin ] --END-- [ RunTime:0.000561s ]
SQL: SHOW COLUMNS FROM `zx_menu` [ RunTime:0.0193s ]
SQL: SELECT * FROM `zx_menu`  [ RunTime:0.0003s ]
SQL: SHOW COLUMNS FROM `zx_news` [ RunTime:0.0120s ]
SQL: SELECT * FROM `zx_news` WHERE ( menu_id = 2 ) ORDER BY created desc LIMIT 2   [ RunTime:0.0004s ]
SQL: SELECT * FROM `zx_news` WHERE ( menu_id = 3 ) ORDER BY created desc LIMIT 1   [ RunTime:0.0003s ]
INFO: [ view_parse ] --START--
INFO: [ template_filter ] --START--
INFO: Run Behavior\ContentReplaceBehavior [ RunTime:0.000066s ]
INFO: [ template_filter ] --END-- [ RunTime:0.000110s ]
INFO: Run Behavior\ParseTemplateBehavior [ RunTime:0.017921s ]
INFO: [ view_parse ] --END-- [ RunTime:0.017979s ]
INFO: [ view_filter ] --START--
INFO: Run Behavior\WriteHtmlCacheBehavior [ RunTime:0.000215s ]
INFO: [ view_filter ] --END-- [ RunTime:0.000245s ]
INFO: [ app_end ] --START--
INFO: Run Behavior\ShowPageTraceBehavior [ RunTime:0.000511s ]
INFO: [ app_end ] --END-- [ RunTime:0.000565s ]

[ 2015-07-19T10:55:50+08:00 ] 61.233.105.74 /
INFO: [ app_init ] --START--
INFO: Run Behavior\BuildLiteBehavior [ RunTime:0.000013s ]
INFO: [ app_init ] --END-- [ RunTime:0.000324s ]
INFO: [ app_begin ] --START--
INFO: Run Behavior\ReadHtmlCacheBehavior [ RunTime:0.000367s ]
INFO: [ app_begin ] --END-- [ RunTime:0.000404s ]
SQL: SHOW COLUMNS FROM `zx_menu` [ RunTime:0.0297s ]
SQL: SELECT * FROM `zx_menu`  [ RunTime:0.0006s ]
SQL: SHOW COLUMNS FROM `zx_news` [ RunTime:0.0411s ]
SQL: SELECT * FROM `zx_news` WHERE ( menu_id = 2 ) ORDER BY created desc LIMIT 2   [ RunTime:0.0004s ]
SQL: SELECT * FROM `zx_news` WHERE ( menu_id = 3 ) ORDER BY created desc LIMIT 1   [ RunTime:0.0004s ]
INFO: [ view_parse ] --START--
INFO: [ template_filter ] --START--
INFO: Run Behavior\ContentReplaceBehavior [ RunTime:0.000066s ]
INFO: [ template_filter ] --END-- [ RunTime:0.000109s ]
INFO: Run Behavior\ParseTemplateBehavior [ RunTime:0.017609s ]
INFO: [ view_parse ] --END-- [ RunTime:0.017668s ]
INFO: [ view_filter ] --START--
INFO: Run Behavior\WriteHtmlCacheBehavior [ RunTime:0.000350s ]
INFO: [ view_filter ] --END-- [ RunTime:0.000391s ]
INFO: [ app_end ] --START--
INFO: Run Behavior\ShowPageTraceBehavior [ RunTime:0.000564s ]
INFO: [ app_end ] --END-- [ RunTime:0.000617s ]

[ 2015-07-19T11:18:57+08:00 ] ::1 /
INFO: [ app_init ] --START--
INFO: Run Behavior\BuildLiteBehavior [ RunTime:0.000015s ]
INFO: [ app_init ] --END-- [ RunTime:0.005991s ]
INFO: [ app_begin ] --START--
INFO: Run Behavior\ReadHtmlCacheBehavior [ RunTime:0.005140s ]
INFO: [ app_begin ] --END-- [ RunTime:0.005194s ]
SQL: SHOW COLUMNS FROM `zx_menu` [ RunTime:0.0785s ]
SQL: SELECT * FROM `zx_menu`  [ RunTime:0.0004s ]
SQL: SHOW COLUMNS FROM `zx_news` [ RunTime:0.0137s ]
SQL: SELECT * FROM `zx_news` WHERE ( menu_id = 2 ) ORDER BY created desc LIMIT 2   [ RunTime:0.0003s ]
SQL: SELECT * FROM `zx_news` WHERE ( menu_id = 3 ) ORDER BY created desc LIMIT 1   [ RunTime:0.0002s ]
INFO: [ view_parse ] --START--
INFO: [ template_filter ] --START--
INFO: Run Behavior\ContentReplaceBehavior [ RunTime:0.000065s ]
INFO: [ template_filter ] --END-- [ RunTime:0.000109s ]
INFO: Run Behavior\ParseTemplateBehavior [ RunTime:0.061920s ]
INFO: [ view_parse ] --END-- [ RunTime:0.061992s ]
INFO: [ view_filter ] --START--
INFO: Run Behavior\WriteHtmlCacheBehavior [ RunTime:0.004025s ]
INFO: [ view_filter ] --END-- [ RunTime:0.004082s ]
INFO: [ app_end ] --START--
INFO: Run Behavior\ShowPageTraceBehavior [ RunTime:0.029307s ]
INFO: [ app_end ] --END-- [ RunTime:0.029388s ]

[ 2015-07-19T11:48:41+08:00 ] ::1 /
INFO: [ app_init ] --START--
INFO: Run Behavior\BuildLiteBehavior [ RunTime:0.000022s ]
INFO: [ app_init ] --END-- [ RunTime:0.000689s ]
INFO: [ app_begin ] --START--
INFO: Run Behavior\ReadHtmlCacheBehavior [ RunTime:0.000696s ]
INFO: [ app_begin ] --END-- [ RunTime:0.000825s ]
SQL: SHOW COLUMNS FROM `zx_menu` [ RunTime:0.0119s ]
SQL: SELECT * FROM `zx_menu`  [ RunTime:0.0004s ]
SQL: SHOW COLUMNS FROM `zx_news` [ RunTime:0.0095s ]
SQL: SELECT * FROM `zx_news` WHERE ( menu_id = 2 ) ORDER BY created desc LIMIT 2   [ RunTime:0.0004s ]
SQL: SELECT * FROM `zx_news` WHERE ( menu_id = 3 ) ORDER BY created desc LIMIT 1   [ RunTime:0.0003s ]
INFO: [ view_parse ] --START--
INFO: [ template_filter ] --START--
INFO: Run Behavior\ContentReplaceBehavior [ RunTime:0.000062s ]
INFO: [ template_filter ] --END-- [ RunTime:0.000104s ]
INFO: Run Behavior\ParseTemplateBehavior [ RunTime:0.014980s ]
INFO: [ view_parse ] --END-- [ RunTime:0.015032s ]
INFO: [ view_filter ] --START--
INFO: Run Behavior\WriteHtmlCacheBehavior [ RunTime:0.000252s ]
INFO: [ view_filter ] --END-- [ RunTime:0.000283s ]
INFO: [ app_end ] --START--
INFO: Run Behavior\ShowPageTraceBehavior [ RunTime:0.001080s ]
INFO: [ app_end ] --END-- [ RunTime:0.001143s ]

[ 2015-07-19T12:12:40+08:00 ] ::1 /
INFO: [ app_init ] --START--
INFO: Run Behavior\BuildLiteBehavior [ RunTime:0.000020s ]
INFO: [ app_init ] --END-- [ RunTime:0.000687s ]
INFO: [ app_begin ] --START--
INFO: Run Behavior\ReadHtmlCacheBehavior [ RunTime:0.001005s ]
INFO: [ app_begin ] --END-- [ RunTime:0.001091s ]
SQL: SHOW COLUMNS FROM `zx_menu` [ RunTime:0.0209s ]
SQL: SELECT * FROM `zx_menu`  [ RunTime:0.0004s ]
SQL: SHOW COLUMNS FROM `zx_news` [ RunTime:0.0133s ]
SQL: SELECT * FROM `zx_news` WHERE ( menu_id = 2 ) ORDER BY created desc LIMIT 2   [ RunTime:0.0006s ]
SQL: SELECT * FROM `zx_news` WHERE ( menu_id = 3 ) ORDER BY created desc LIMIT 1   [ RunTime:0.0004s ]
INFO: [ view_parse ] --START--
INFO: [ template_filter ] --START--
INFO: Run Behavior\ContentReplaceBehavior [ RunTime:0.000078s ]
INFO: [ template_filter ] --END-- [ RunTime:0.000139s ]
INFO: Run Behavior\ParseTemplateBehavior [ RunTime:0.027093s ]
INFO: [ view_parse ] --END-- [ RunTime:0.027156s ]
INFO: [ view_filter ] --START--
INFO: Run Behavior\WriteHtmlCacheBehavior [ RunTime:0.000457s ]
INFO: [ view_filter ] --END-- [ RunTime:0.000487s ]
INFO: [ app_end ] --START--
INFO: Run Behavior\ShowPageTraceBehavior [ RunTime:0.000937s ]
INFO: [ app_end ] --END-- [ RunTime:0.001001s ]

[ 2015-07-19T13:27:45+08:00 ] 113.53.142.202 /
INFO: [ app_init ] --START--
INFO: Run Behavior\BuildLiteBehavior [ RunTime:0.000015s ]
INFO: [ app_init ] --END-- [ RunTime:0.000497s ]
INFO: [ app_begin ] --START--
INFO: Run Behavior\ReadHtmlCacheBehavior [ RunTime:0.000523s ]
INFO: [ app_begin ] --END-- [ RunTime:0.000575s ]
SQL: SHOW COLUMNS FROM `zx_menu` [ RunTime:0.0313s ]
SQL: SELECT * FROM `zx_menu`  [ RunTime:0.0007s ]
SQL: SHOW COLUMNS FROM `zx_news` [ RunTime:0.0513s ]
SQL: SELECT * FROM `zx_news` WHERE ( menu_id = 2 ) ORDER BY created desc LIMIT 2   [ RunTime:0.0013s ]
SQL: SELECT * FROM `zx_news` WHERE ( menu_id = 3 ) ORDER BY created desc LIMIT 1   [ RunTime:0.0007s ]
INFO: [ view_parse ] --START--
INFO: [ template_filter ] --START--
INFO: Run Behavior\ContentReplaceBehavior [ RunTime:0.000092s ]
INFO: [ template_filter ] --END-- [ RunTime:0.000153s ]
INFO: Run Behavior\ParseTemplateBehavior [ RunTime:0.036562s ]
INFO: [ view_parse ] --END-- [ RunTime:0.036709s ]
INFO: [ view_filter ] --START--
INFO: Run Behavior\WriteHtmlCacheBehavior [ RunTime:0.000328s ]
INFO: [ view_filter ] --END-- [ RunTime:0.000394s ]
INFO: [ app_end ] --START--
INFO: Run Behavior\ShowPageTraceBehavior [ RunTime:0.000718s ]
INFO: [ app_end ] --END-- [ RunTime:0.000770s ]

[ 2015-07-19T13:27:46+08:00 ] 113.53.142.202 /
INFO: [ app_init ] --START--
INFO: Run Behavior\BuildLiteBehavior [ RunTime:0.000014s ]
INFO: [ app_init ] --END-- [ RunTime:0.000365s ]
INFO: [ app_begin ] --START--
INFO: Run Behavior\ReadHtmlCacheBehavior [ RunTime:0.000433s ]
INFO: [ app_begin ] --END-- [ RunTime:0.000482s ]
SQL: SHOW COLUMNS FROM `zx_menu` [ RunTime:0.0258s ]
SQL: SELECT * FROM `zx_menu`  [ RunTime:0.0007s ]
SQL: SHOW COLUMNS FROM `zx_news` [ RunTime:0.0122s ]
SQL: SELECT * FROM `zx_news` WHERE ( menu_id = 2 ) ORDER BY created desc LIMIT 2   [ RunTime:0.0005s ]
SQL: SELECT * FROM `zx_news` WHERE ( menu_id = 3 ) ORDER BY created desc LIMIT 1   [ RunTime:0.0004s ]
INFO: [ view_parse ] --START--
INFO: [ template_filter ] --START--
INFO: Run Behavior\ContentReplaceBehavior [ RunTime:0.000083s ]
INFO: [ template_filter ] --END-- [ RunTime:0.000136s ]
INFO: Run Behavior\ParseTemplateBehavior [ RunTime:0.010220s ]
INFO: [ view_parse ] --END-- [ RunTime:0.010297s ]
INFO: [ view_filter ] --START--
INFO: Run Behavior\WriteHtmlCacheBehavior [ RunTime:0.000349s ]
INFO: [ view_filter ] --END-- [ RunTime:0.000417s ]
INFO: [ app_end ] --START--
INFO: Run Behavior\ShowPageTraceBehavior [ RunTime:0.000742s ]
INFO: [ app_end ] --END-- [ RunTime:0.000828s ]

[ 2015-07-19T13:27:49+08:00 ] 113.53.142.202 /
INFO: [ app_init ] --START--
INFO: Run Behavior\BuildLiteBehavior [ RunTime:0.000024s ]
INFO: [ app_init ] --END-- [ RunTime:0.000649s ]
INFO: [ app_begin ] --START--
INFO: Run Behavior\ReadHtmlCacheBehavior [ RunTime:0.000812s ]
INFO: [ app_begin ] --END-- [ RunTime:0.000901s ]
SQL: SHOW COLUMNS FROM `zx_menu` [ RunTime:0.0299s ]
SQL: SELECT * FROM `zx_menu`  [ RunTime:0.0005s ]
SQL: SHOW COLUMNS FROM `zx_news` [ RunTime:0.0497s ]
SQL: SELECT * FROM `zx_news` WHERE ( menu_id = 2 ) ORDER BY created desc LIMIT 2   [ RunTime:0.0008s ]
SQL: SELECT * FROM `zx_news` WHERE ( menu_id = 3 ) ORDER BY created desc LIMIT 1   [ RunTime:0.0006s ]
INFO: [ view_parse ] --START--
INFO: [ template_filter ] --START--
INFO: Run Behavior\ContentReplaceBehavior [ RunTime:0.000155s ]
INFO: [ template_filter ] --END-- [ RunTime:0.000246s ]
INFO: Run Behavior\ParseTemplateBehavior [ RunTime:0.016823s ]
INFO: [ view_parse ] --END-- [ RunTime:0.017013s ]
INFO: [ view_filter ] --START--
INFO: Run Behavior\WriteHtmlCacheBehavior [ RunTime:0.000455s ]
INFO: [ view_filter ] --END-- [ RunTime:0.000529s ]
INFO: [ app_end ] --START--
INFO: Run Behavior\ShowPageTraceBehavior [ RunTime:0.001354s ]
INFO: [ app_end ] --END-- [ RunTime:0.001496s ]

[ 2015-07-19T13:27:50+08:00 ] 113.53.142.202 /
INFO: [ app_init ] --START--
INFO: Run Behavior\BuildLiteBehavior [ RunTime:0.000026s ]
INFO: [ app_init ] --END-- [ RunTime:0.000707s ]
INFO: [ app_begin ] --START--
INFO: Run Behavior\ReadHtmlCacheBehavior [ RunTime:0.000865s ]
INFO: [ app_begin ] --END-- [ RunTime:0.000956s ]
SQL: SHOW COLUMNS FROM `zx_menu` [ RunTime:0.0924s ]
SQL: SELECT * FROM `zx_menu`  [ RunTime:0.0006s ]
SQL: SHOW COLUMNS FROM `zx_news` [ RunTime:0.0537s ]
SQL: SELECT * FROM `zx_news` WHERE ( menu_id = 2 ) ORDER BY created desc LIMIT 2   [ RunTime:0.0007s ]
SQL: SELECT * FROM `zx_news` WHERE ( menu_id = 3 ) ORDER BY created desc LIMIT 1   [ RunTime:0.0007s ]
INFO: [ view_parse ] --START--
INFO: [ template_filter ] --START--
INFO: Run Behavior\ContentReplaceBehavior [ RunTime:0.000118s ]
INFO: [ template_filter ] --END-- [ RunTime:0.000198s ]
INFO: Run Behavior\ParseTemplateBehavior [ RunTime:0.016674s ]
INFO: [ view_parse ] --END-- [ RunTime:0.016779s ]
INFO: [ view_filter ] --START--
INFO: Run Behavior\WriteHtmlCacheBehavior [ RunTime:0.000302s ]
INFO: [ view_filter ] --END-- [ RunTime:0.000350s ]
INFO: [ app_end ] --START--
INFO: Run Behavior\ShowPageTraceBehavior [ RunTime:0.000850s ]
INFO: [ app_end ] --END-- [ RunTime:0.000941s ]

[ 2015-07-19T13:27:52+08:00 ] 113.53.142.202 /
INFO: [ app_init ] --START--
INFO: Run Behavior\BuildLiteBehavior [ RunTime:0.000017s ]
INFO: [ app_init ] --END-- [ RunTime:0.000417s ]
INFO: [ app_begin ] --START--
INFO: Run Behavior\ReadHtmlCacheBehavior [ RunTime:0.000521s ]
INFO: [ app_begin ] --END-- [ RunTime:0.000587s ]
SQL: SHOW COLUMNS FROM `zx_menu` [ RunTime:0.1972s ]
SQL: SELECT * FROM `zx_menu`  [ RunTime:0.0002s ]
SQL: SHOW COLUMNS FROM `zx_news` [ RunTime:0.0090s ]
SQL: SELECT * FROM `zx_news` WHERE ( menu_id = 2 ) ORDER BY created desc LIMIT 2   [ RunTime:0.0003s ]
SQL: SELECT * FROM `zx_news` WHERE ( menu_id = 3 ) ORDER BY created desc LIMIT 1   [ RunTime:0.0003s ]
INFO: [ view_parse ] --START--
INFO: [ template_filter ] --START--
INFO: Run Behavior\ContentReplaceBehavior [ RunTime:0.000067s ]
INFO: [ template_filter ] --END-- [ RunTime:0.000118s ]
INFO: Run Behavior\ParseTemplateBehavior [ RunTime:0.008433s ]
INFO: [ view_parse ] --END-- [ RunTime:0.008511s ]
INFO: [ view_filter ] --START--
INFO: Run Behavior\WriteHtmlCacheBehavior [ RunTime:0.000210s ]
INFO: [ view_filter ] --END-- [ RunTime:0.000250s ]
INFO: [ app_end ] --START--
INFO: Run Behavior\ShowPageTraceBehavior [ RunTime:0.000542s ]
INFO: [ app_end ] --END-- [ RunTime:0.000604s ]

[ 2015-07-19T13:28:15+08:00 ] 222.186.58.112 http://www.baidu.com/
INFO: [ app_init ] --START--
INFO: Run Behavior\BuildLiteBehavior [ RunTime:0.000027s ]
INFO: [ app_init ] --END-- [ RunTime:0.000659s ]
INFO: [ app_begin ] --START--
INFO: Run Behavior\ReadHtmlCacheBehavior [ RunTime:0.000803s ]
INFO: [ app_begin ] --END-- [ RunTime:0.000900s ]
SQL: SHOW COLUMNS FROM `zx_menu` [ RunTime:0.0322s ]
SQL: SELECT * FROM `zx_menu`  [ RunTime:0.0006s ]
SQL: SHOW COLUMNS FROM `zx_news` [ RunTime:0.0523s ]
SQL: SELECT * FROM `zx_news` WHERE ( menu_id = 2 ) ORDER BY created desc LIMIT 2   [ RunTime:0.0008s ]
SQL: SELECT * FROM `zx_news` WHERE ( menu_id = 3 ) ORDER BY created desc LIMIT 1   [ RunTime:0.0006s ]
INFO: [ view_parse ] --START--
INFO: [ template_filter ] --START--
INFO: Run Behavior\ContentReplaceBehavior [ RunTime:0.000106s ]
INFO: [ template_filter ] --END-- [ RunTime:0.000177s ]
INFO: Run Behavior\ParseTemplateBehavior [ RunTime:0.019717s ]
INFO: [ view_parse ] --END-- [ RunTime:0.019807s ]
INFO: [ view_filter ] --START--
INFO: Run Behavior\WriteHtmlCacheBehavior [ RunTime:0.000291s ]
INFO: [ view_filter ] --END-- [ RunTime:0.000342s ]
INFO: [ app_end ] --START--
INFO: Run Behavior\ShowPageTraceBehavior [ RunTime:0.000604s ]
INFO: [ app_end ] --END-- [ RunTime:0.000665s ]

[ 2015-07-19T13:57:23+08:00 ] ::1 /
INFO: [ app_init ] --START--
INFO: Run Behavior\BuildLiteBehavior [ RunTime:0.000012s ]
INFO: [ app_init ] --END-- [ RunTime:0.000259s ]
INFO: [ app_begin ] --START--
INFO: Run Behavior\ReadHtmlCacheBehavior [ RunTime:0.000328s ]
INFO: [ app_begin ] --END-- [ RunTime:0.000377s ]
SQL: SHOW COLUMNS FROM `zx_menu` [ RunTime:0.0318s ]
SQL: SELECT * FROM `zx_menu`  [ RunTime:0.0007s ]
SQL: SHOW COLUMNS FROM `zx_news` [ RunTime:0.0410s ]
SQL: SELECT * FROM `zx_news` WHERE ( menu_id = 2 ) ORDER BY created desc LIMIT 2   [ RunTime:0.0005s ]
SQL: SELECT * FROM `zx_news` WHERE ( menu_id = 3 ) ORDER BY created desc LIMIT 1   [ RunTime:0.0003s ]
INFO: [ view_parse ] --START--
INFO: [ template_filter ] --START--
INFO: Run Behavior\ContentReplaceBehavior [ RunTime:0.000077s ]
INFO: [ template_filter ] --END-- [ RunTime:0.000126s ]
INFO: Run Behavior\ParseTemplateBehavior [ RunTime:0.020014s ]
INFO: [ view_parse ] --END-- [ RunTime:0.020074s ]
INFO: [ view_filter ] --START--
INFO: Run Behavior\WriteHtmlCacheBehavior [ RunTime:0.000218s ]
INFO: [ view_filter ] --END-- [ RunTime:0.000250s ]
INFO: [ app_end ] --START--
INFO: Run Behavior\ShowPageTraceBehavior [ RunTime:0.000727s ]
INFO: [ app_end ] --END-- [ RunTime:0.000816s ]

[ 2015-07-19T14:00:52+08:00 ] ::1 /
INFO: [ app_init ] --START--
INFO: Run Behavior\BuildLiteBehavior [ RunTime:0.000016s ]
INFO: [ app_init ] --END-- [ RunTime:0.000548s ]
INFO: [ app_begin ] --START--
INFO: Run Behavior\ReadHtmlCacheBehavior [ RunTime:0.000511s ]
INFO: [ app_begin ] --END-- [ RunTime:0.000565s ]
SQL: SHOW COLUMNS FROM `zx_menu` [ RunTime:0.0195s ]
SQL: SELECT * FROM `zx_menu`  [ RunTime:0.0004s ]
SQL: SHOW COLUMNS FROM `zx_news` [ RunTime:0.0106s ]
SQL: SELECT * FROM `zx_news` WHERE ( menu_id = 2 ) ORDER BY created desc LIMIT 2   [ RunTime:0.0003s ]
SQL: SELECT * FROM `zx_news` WHERE ( menu_id = 3 ) ORDER BY created desc LIMIT 1   [ RunTime:0.0003s ]
INFO: [ view_parse ] --START--
INFO: [ template_filter ] --START--
INFO: Run Behavior\ContentReplaceBehavior [ RunTime:0.000064s ]
INFO: [ template_filter ] --END-- [ RunTime:0.000107s ]
INFO: Run Behavior\ParseTemplateBehavior [ RunTime:0.014931s ]
INFO: [ view_parse ] --END-- [ RunTime:0.015001s ]
INFO: [ view_filter ] --START--
INFO: Run Behavior\WriteHtmlCacheBehavior [ RunTime:0.000273s ]
INFO: [ view_filter ] --END-- [ RunTime:0.000313s ]
INFO: [ app_end ] --START--
INFO: Run Behavior\ShowPageTraceBehavior [ RunTime:0.000595s ]
INFO: [ app_end ] --END-- [ RunTime:0.000655s ]

[ 2015-07-19T14:12:58+08:00 ] ::1 /
INFO: [ app_init ] --START--
INFO: Run Behavior\BuildLiteBehavior [ RunTime:0.000022s ]
INFO: [ app_init ] --END-- [ RunTime:0.000654s ]
INFO: [ app_begin ] --START--
INFO: Run Behavior\ReadHtmlCacheBehavior [ RunTime:0.000731s ]
INFO: [ app_begin ] --END-- [ RunTime:0.000821s ]
SQL: SHOW COLUMNS FROM `zx_menu` [ RunTime:0.0974s ]
SQL: SELECT * FROM `zx_menu`  [ RunTime:0.0006s ]
SQL: SHOW COLUMNS FROM `zx_news` [ RunTime:0.0142s ]
SQL: SELECT * FROM `zx_news` WHERE ( menu_id = 2 ) ORDER BY created desc LIMIT 2   [ RunTime:0.0005s ]
SQL: SELECT * FROM `zx_news` WHERE ( menu_id = 3 ) ORDER BY created desc LIMIT 1   [ RunTime:0.0003s ]
INFO: [ view_parse ] --START--
INFO: [ template_filter ] --START--
INFO: Run Behavior\ContentReplaceBehavior [ RunTime:0.000095s ]
INFO: [ template_filter ] --END-- [ RunTime:0.000155s ]
NOTIC: [8] Undefined offset: 1 D:\phpStudy\WWW\Apps\Runtime\Cache\Home\400c995c330f1f6ecac6b9102849eb7e.php 第 99 行.
INFO: Run Behavior\ParseTemplateBehavior [ RunTime:0.012635s ]
INFO: [ view_parse ] --END-- [ RunTime:0.012717s ]
INFO: [ view_filter ] --START--
INFO: Run Behavior\WriteHtmlCacheBehavior [ RunTime:0.000393s ]
INFO: [ view_filter ] --END-- [ RunTime:0.000456s ]
INFO: [ app_end ] --START--
INFO: Run Behavior\ShowPageTraceBehavior [ RunTime:0.000629s ]
INFO: [ app_end ] --END-- [ RunTime:0.000679s ]

[ 2015-07-19T14:17:21+08:00 ] ::1 /
INFO: [ app_init ] --START--
INFO: Run Behavior\BuildLiteBehavior [ RunTime:0.000020s ]
INFO: [ app_init ] --END-- [ RunTime:0.000627s ]
INFO: [ app_begin ] --START--
INFO: Run Behavior\ReadHtmlCacheBehavior [ RunTime:0.000880s ]
INFO: [ app_begin ] --END-- [ RunTime:0.000961s ]
SQL: SHOW COLUMNS FROM `zx_menu` [ RunTime:0.0165s ]
SQL: SELECT * FROM `zx_menu`  [ RunTime:0.0002s ]
SQL: SHOW COLUMNS FROM `zx_news` [ RunTime:0.0097s ]
SQL: SELECT * FROM `zx_news` WHERE ( menu_id = 2 ) ORDER BY created desc LIMIT 2   [ RunTime:0.0004s ]
SQL: SELECT * FROM `zx_news` WHERE ( menu_id = 3 ) ORDER BY created desc LIMIT 1   [ RunTime:0.0002s ]
INFO: [ view_parse ] --START--
INFO: [ template_filter ] --START--
INFO: Run Behavior\ContentReplaceBehavior [ RunTime:0.000070s ]
INFO: [ template_filter ] --END-- [ RunTime:0.000119s ]
NOTIC: [8] Undefined offset: 1 D:\phpStudy\WWW\Apps\Runtime\Cache\Home\400c995c330f1f6ecac6b9102849eb7e.php 第 99 行.
INFO: Run Behavior\ParseTemplateBehavior [ RunTime:0.031421s ]
INFO: [ view_parse ] --END-- [ RunTime:0.031464s ]
INFO: [ view_filter ] --START--
INFO: Run Behavior\WriteHtmlCacheBehavior [ RunTime:0.000321s ]
INFO: [ view_filter ] --END-- [ RunTime:0.000353s ]
INFO: [ app_end ] --START--
INFO: Run Behavior\ShowPageTraceBehavior [ RunTime:0.000475s ]
INFO: [ app_end ] --END-- [ RunTime:0.000509s ]

