[ 2015-07-21T12:37:02+08:00 ] 127.0.0.1 /
INFO: [ app_init ] --START--
INFO: Run Behavior\BuildLiteBehavior [ RunTime:0.000016s ]
INFO: [ app_init ] --END-- [ RunTime:0.013659s ]
INFO: [ app_begin ] --START--
INFO: Run Behavior\ReadHtmlCacheBehavior [ RunTime:0.010937s ]
INFO: [ app_begin ] --END-- [ RunTime:0.011003s ]
SQL: SHOW COLUMNS FROM `zx_menu` [ RunTime:0.1728s ]
SQL: SELECT * FROM `zx_menu`  [ RunTime:0.0004s ]
SQL: SHOW COLUMNS FROM `zx_news` [ RunTime:0.0630s ]
SQL: SELECT * FROM `zx_news` WHERE ( menu_id = 2 ) ORDER BY created desc LIMIT 2   [ RunTime:0.0278s ]
SQL: SELECT * FROM `zx_news` WHERE ( menu_id = 3 ) ORDER BY created desc LIMIT 1   [ RunTime:0.0006s ]
INFO: [ view_parse ] --START--
INFO: [ template_filter ] --START--
INFO: Run Behavior\ContentReplaceBehavior [ RunTime:0.000064s ]
INFO: [ template_filter ] --END-- [ RunTime:0.000105s ]
NOTIC: [8] Undefined offset: 1 D:\Documents\GitHub\ThinkPHP-Find-Me\Apps\Runtime\Cache\Home\400c995c330f1f6ecac6b9102849eb7e.php 第 100 行.
INFO: Run Behavior\ParseTemplateBehavior [ RunTime:0.176750s ]
INFO: [ view_parse ] --END-- [ RunTime:0.176813s ]
INFO: [ view_filter ] --START--
INFO: Run Behavior\WriteHtmlCacheBehavior [ RunTime:0.018334s ]
INFO: [ view_filter ] --END-- [ RunTime:0.018381s ]
INFO: [ app_end ] --START--
INFO: Run Behavior\ShowPageTraceBehavior [ RunTime:0.039122s ]
INFO: [ app_end ] --END-- [ RunTime:0.039184s ]

[ 2015-07-21T12:37:09+08:00 ] 127.0.0.1 /index.php/find
INFO: [ app_init ] --START--
INFO: Run Behavior\BuildLiteBehavior [ RunTime:0.000011s ]
INFO: [ app_init ] --END-- [ RunTime:0.000261s ]
INFO: [ app_begin ] --START--
INFO: Run Behavior\ReadHtmlCacheBehavior [ RunTime:0.000335s ]
INFO: [ app_begin ] --END-- [ RunTime:0.000369s ]
INFO: [ view_parse ] --START--
INFO: [ template_filter ] --START--
INFO: Run Behavior\ContentReplaceBehavior [ RunTime:0.000068s ]
INFO: [ template_filter ] --END-- [ RunTime:0.000126s ]
INFO: Run Behavior\ParseTemplateBehavior [ RunTime:0.016913s ]
INFO: [ view_parse ] --END-- [ RunTime:0.016974s ]
INFO: [ view_filter ] --START--
INFO: Run Behavior\WriteHtmlCacheBehavior [ RunTime:0.000236s ]
INFO: [ view_filter ] --END-- [ RunTime:0.000267s ]
INFO: [ app_end ] --START--
INFO: Run Behavior\ShowPageTraceBehavior [ RunTime:0.000442s ]
INFO: [ app_end ] --END-- [ RunTime:0.000488s ]

[ 2015-07-21T12:43:52+08:00 ] 127.0.0.1 /index.php/find
INFO: [ app_init ] --START--
INFO: Run Behavior\BuildLiteBehavior [ RunTime:0.000052s ]
INFO: [ app_init ] --END-- [ RunTime:0.029635s ]
INFO: [ app_begin ] --START--
INFO: Run Behavior\ReadHtmlCacheBehavior [ RunTime:0.002580s ]
INFO: [ app_begin ] --END-- [ RunTime:0.002734s ]
INFO: [ view_parse ] --START--
INFO: [ template_filter ] --START--
INFO: Run Behavior\ContentReplaceBehavior [ RunTime:0.000068s ]
INFO: [ template_filter ] --END-- [ RunTime:0.000122s ]
INFO: Run Behavior\ParseTemplateBehavior [ RunTime:0.163963s ]
INFO: [ view_parse ] --END-- [ RunTime:0.164077s ]
INFO: [ view_filter ] --START--
INFO: Run Behavior\WriteHtmlCacheBehavior [ RunTime:0.012867s ]
INFO: [ view_filter ] --END-- [ RunTime:0.012923s ]
INFO: [ app_end ] --START--
INFO: Run Behavior\ShowPageTraceBehavior [ RunTime:0.016480s ]
INFO: [ app_end ] --END-- [ RunTime:0.016538s ]

[ 2015-07-21T12:44:07+08:00 ] 127.0.0.1 /index.php/find/search/keyword/%E4%BD%A0
INFO: [ app_init ] --START--
INFO: Run Behavior\BuildLiteBehavior [ RunTime:0.000013s ]
INFO: [ app_init ] --END-- [ RunTime:0.000330s ]
INFO: [ app_begin ] --START--
INFO: Run Behavior\ReadHtmlCacheBehavior [ RunTime:0.000524s ]
INFO: [ app_begin ] --END-- [ RunTime:0.000576s ]
SQL: SHOW COLUMNS FROM `zx_memos` [ RunTime:0.1172s ]
SQL: SELECT * FROM `zx_memos` WHERE (`keyword` LIKE '%你%') ORDER BY created desc  [ RunTime:0.0367s ]

[ 2015-07-21T12:46:17+08:00 ] 127.0.0.1 /index.php/find
INFO: [ app_init ] --START--
INFO: Run Behavior\BuildLiteBehavior [ RunTime:0.000017s ]
INFO: [ app_init ] --END-- [ RunTime:0.000460s ]
INFO: [ app_begin ] --START--
INFO: Run Behavior\ReadHtmlCacheBehavior [ RunTime:0.000615s ]
INFO: [ app_begin ] --END-- [ RunTime:0.000689s ]
INFO: [ view_parse ] --START--
INFO: [ template_filter ] --START--
INFO: Run Behavior\ContentReplaceBehavior [ RunTime:0.000097s ]
INFO: [ template_filter ] --END-- [ RunTime:0.000157s ]
INFO: Run Behavior\ParseTemplateBehavior [ RunTime:0.025384s ]
INFO: [ view_parse ] --END-- [ RunTime:0.025466s ]
INFO: [ view_filter ] --START--
INFO: Run Behavior\WriteHtmlCacheBehavior [ RunTime:0.000381s ]
INFO: [ view_filter ] --END-- [ RunTime:0.000435s ]
INFO: [ app_end ] --START--
INFO: Run Behavior\ShowPageTraceBehavior [ RunTime:0.000611s ]
INFO: [ app_end ] --END-- [ RunTime:0.000671s ]

[ 2015-07-21T12:46:22+08:00 ] 127.0.0.1 /index.php/find/search/keyword/%E4%BD%A0
INFO: [ app_init ] --START--
INFO: Run Behavior\BuildLiteBehavior [ RunTime:0.000013s ]
INFO: [ app_init ] --END-- [ RunTime:0.000338s ]
INFO: [ app_begin ] --START--
INFO: Run Behavior\ReadHtmlCacheBehavior [ RunTime:0.000429s ]
INFO: [ app_begin ] --END-- [ RunTime:0.000472s ]
SQL: SHOW COLUMNS FROM `zx_memos` [ RunTime:0.0866s ]
SQL: SELECT * FROM `zx_memos` WHERE (`keyword` LIKE '%你%') ORDER BY created desc  [ RunTime:0.0005s ]

